app/build/outputs/logs/manifest-merger-release-report.txt
-- Merging decision tree log ---
manifest
ADDED from src/main/AndroidManifest.xml:2:1-176:12
INJECTED from src/main/AndroidManifest.xml:2:1-176:12
INJECTED from src/main/AndroidManifest.xml:2:1-176:12
INJECTED from src/main/AndroidManifest.xml:2:1-176:12
MERGED from [com.facebook.android:account-kit-sdk:4.36.0] AndroidManifest.xml:21:1-55:12
MERGED from [com.facebook.android:facebook-android-sdk:4.36.0] AndroidManifest.xml:21:1-31:12
MERGED from [com.facebook.android:facebook-login:4.36.0] AndroidManifest.xml:21:1-31:12
MERGED from [com.facebook.android:facebook-share:4.36.0] AndroidManifest.xml:21:1-31:12
MERGED from [com.facebook.android:facebook-common:4.36.0] AndroidManifest.xml:21:1-37:12
MERGED from [com.android.support:design:27.1.0] AndroidManifest.xml:17:1-22:12
MERGED from [com.android.support:appcompat-v7:27.1.1] AndroidManifest.xml:17:1-22:12
MERGED from [com.android.support.constraint:constraint-layout:1.0.2] AndroidManifest.xml:2:1-11:12
MERGED from [com.google.android.gms:play-services-auth:11.8.0] AndroidManifest.xml:17:1-39:12
MERGED from [com.google.android.gms:play-services-auth-api-phone:11.8.0] AndroidManifest.xml:2:1-7:12
MERGED from [com.google.android.gms:play-services-auth-base:11.8.0] AndroidManifest.xml:2:1-7:12
MERGED from [com.google.android.gms:play-services-base:11.8.0] AndroidManifest.xml:17:1-29:12
MERGED from [com.google.android.gms:play-services-tasks:11.8.0] AndroidManifest.xml:2:1-9:12
MERGED from [com.google.android.gms:play-services-basement:11.8.0] AndroidManifest.xml:17:1-28:12
MERGED from [com.android.support:support-v4:27.1.1] AndroidManifest.xml:17:1-22:12
MERGED from [com.android.support:cardview-v7:27.1.0] AndroidManifest.xml:17:1-22:12
MERGED from [com.android.support:recyclerview-v7:27.1.0] AndroidManifest.xml:17:1-22:12
MERGED from [com.android.volley:volley:1.1.0] AndroidManifest.xml:2:1-11:12
MERGED from [android.arch.lifecycle:extensions:1.1.1] AndroidManifest.xml:17:1-30:12
MERGED from [com.android.support:animated-vector-drawable:27.1.1] AndroidManifest.xml:17:1-22:12
MERGED from [com.android.support:support-vector-drawable:27.1.1] AndroidManifest.xml:17:1-22:12
MERGED from [com.makeramen:roundedimageview:2.3.0] AndroidManifest.xml:2:1-9:12
MERGED from [android.arch.lifecycle:livedata:1.1.1] AndroidManifest.xml:17:1-22:12
MERGED from [com.android.support:support-fragment:27.1.1] AndroidManifest.xml:17:1-22:12
MERGED from [android.arch.lifecycle:livedata-core:1.1.1] AndroidManifest.xml:17:1-22:12
MERGED from [android.arch.core:runtime:1.1.1] AndroidManifest.xml:17:1-22:12
MERGED from [com.android.support:customtabs:27.0.2] AndroidManifest.xml:17:1-22:12
MERGED from [com.android.support:support-media-compat:27.1.1] AndroidManifest.xml:17:1-22:12
MERGED from [com.android.support:support-core-ui:27.1.1] AndroidManifest.xml:17:1-22:12
MERGED from [com.android.support:transition:27.1.0] AndroidManifest.xml:17:1-22:12
MERGED from [com.facebook.android:facebook-places:4.36.0] AndroidManifest.xml:21:1-31:12
MERGED from [com.facebook.android:facebook-applinks:4.36.0] AndroidManifest.xml:21:1-31:12
MERGED from [com.facebook.android:facebook-messenger:4.36.0] AndroidManifest.xml:21:1-31:12
MERGED from [com.facebook.android:facebook-marketing:4.36.0] AndroidManifest.xml:21:1-35:12
MERGED from [com.facebook.android:facebook-core:4.36.0] AndroidManifest.xml:21:1-53:12
MERGED from [com.android.support:support-core-utils:27.1.1] AndroidManifest.xml:17:1-22:12
MERGED from [com.android.support:support-compat:27.1.1] AndroidManifest.xml:17:1-22:12
MERGED from [android.arch.lifecycle:runtime:1.1.1] AndroidManifest.xml:17:1-22:12
MERGED from [android.arch.lifecycle:viewmodel:1.1.1] AndroidManifest.xml:17:1-22:12
MERGED from [com.google.android.gms:play-services-auth-api-phone-license:11.8.0] AndroidManifest.xml:2:1-6:12
MERGED from [com.google.android.gms:play-services-base-license:11.8.0] AndroidManifest.xml:2:1-6:12
MERGED from [com.google.android.gms:play-services-basement-license:11.8.0] AndroidManifest.xml:2:1-6:12
MERGED from [com.google.android.gms:play-services-tasks-license:11.8.0] AndroidManifest.xml:2:1-6:12
MERGED from [com.google.android.gms:play-services-auth-base-license:11.8.0] AndroidManifest.xml:2:1-6:12
INJECTED from src/main/AndroidManifest.xml:2:1-176:12
INJECTED from src/main/AndroidManifest.xml:2:1-176:12
INJECTED from src/main/AndroidManifest.xml:2:1-176:12
	package
		ADDED from src/main/AndroidManifest.xml:4:5-48
		INJECTED from src/main/AndroidManifest.xml
		INJECTED from src/main/AndroidManifest.xml
	android:versionName
		INJECTED from src/main/AndroidManifest.xml
		ADDED from src/main/AndroidManifest.xml:2:1-176:12
		INJECTED from src/main/AndroidManifest.xml
	xmlns:tools
		ADDED from src/main/AndroidManifest.xml:3:5-51
	android:versionCode
		INJECTED from src/main/AndroidManifest.xml
		ADDED from src/main/AndroidManifest.xml:2:1-176:12
		INJECTED from src/main/AndroidManifest.xml
	xmlns:android
		ADDED from src/main/AndroidManifest.xml:2:11-69
uses-permission#android.permission.INTERNET
ADDED from src/main/AndroidManifest.xml:6:5-67
	android:name
		ADDED from src/main/AndroidManifest.xml:6:22-64
uses-permission#android.permission.READ_EXTERNAL_STORAGE
ADDED from src/main/AndroidManifest.xml:7:5-80
	android:name
		ADDED from src/main/AndroidManifest.xml:7:22-77
uses-permission#android.permission.READ_INTERNAL_STORAGE
ADDED from src/main/AndroidManifest.xml:8:5-80
	android:name
		ADDED from src/main/AndroidManifest.xml:8:22-77
uses-permission#android.permission.ACCESS_NETWORK_STATE
ADDED from src/main/AndroidManifest.xml:9:5-79
	android:name
		ADDED from src/main/AndroidManifest.xml:9:22-76
uses-permission#android.permission.WRITE_EXTERNAL_STORAGE
ADDED from src/main/AndroidManifest.xml:10:5-80
	android:name
		ADDED from src/main/AndroidManifest.xml:10:22-78
uses-permission#android.permission.CAMERA
ADDED from src/main/AndroidManifest.xml:11:5-64
	android:name
		ADDED from src/main/AndroidManifest.xml:11:22-62
supports-screens
ADDED from src/main/AndroidManifest.xml:13:5-18:24
	android:largeScreens
		ADDED from src/main/AndroidManifest.xml:16:9-36
	android:normalScreens
		ADDED from src/main/AndroidManifest.xml:15:9-37
	android:xlargeScreens
		ADDED from src/main/AndroidManifest.xml:17:9-37
	android:anyDensity
		ADDED from src/main/AndroidManifest.xml:14:9-34
uses-sdk
ADDED from src/main/AndroidManifest.xml:20:5-22:41
INJECTED from src/main/AndroidManifest.xml:20:5-22:41
INJECTED from src/main/AndroidManifest.xml:20:5-22:41
MERGED from [com.facebook.android:account-kit-sdk:4.36.0] AndroidManifest.xml:24:5-26:41
MERGED from [com.facebook.android:account-kit-sdk:4.36.0] AndroidManifest.xml:24:5-26:41
MERGED from [com.facebook.android:facebook-android-sdk:4.36.0] AndroidManifest.xml:24:5-26:41
MERGED from [com.facebook.android:facebook-android-sdk:4.36.0] AndroidManifest.xml:24:5-26:41
MERGED from [com.facebook.android:facebook-login:4.36.0] AndroidManifest.xml:24:5-26:41
MERGED from [com.facebook.android:facebook-login:4.36.0] AndroidManifest.xml:24:5-26:41
MERGED from [com.facebook.android:facebook-share:4.36.0] AndroidManifest.xml:24:5-26:41
MERGED from [com.facebook.android:facebook-share:4.36.0] AndroidManifest.xml:24:5-26:41
MERGED from [com.facebook.android:facebook-common:4.36.0] AndroidManifest.xml:24:5-26:41
MERGED from [com.facebook.android:facebook-common:4.36.0] AndroidManifest.xml:24:5-26:41
MERGED from [com.android.support:design:27.1.0] AndroidManifest.xml:20:5-44
MERGED from [com.android.support:design:27.1.0] AndroidManifest.xml:20:5-44
MERGED from [com.android.support:appcompat-v7:27.1.1] AndroidManifest.xml:20:5-44
MERGED from [com.android.support:appcompat-v7:27.1.1] AndroidManifest.xml:20:5-44
MERGED from [com.android.support.constraint:constraint-layout:1.0.2] AndroidManifest.xml:5:5-7:41
MERGED from [com.android.support.constraint:constraint-layout:1.0.2] AndroidManifest.xml:5:5-7:41
MERGED from [com.google.android.gms:play-services-auth:11.8.0] AndroidManifest.xml:20:5-44
MERGED from [com.google.android.gms:play-services-auth:11.8.0] AndroidManifest.xml:20:5-44
MERGED from [com.google.android.gms:play-services-auth-api-phone:11.8.0] AndroidManifest.xml:5:5-44
MERGED from [com.google.android.gms:play-services-auth-api-phone:11.8.0] AndroidManifest.xml:5:5-44
MERGED from [com.google.android.gms:play-services-auth-base:11.8.0] AndroidManifest.xml:5:5-44
MERGED from [com.google.android.gms:play-services-auth-base:11.8.0] AndroidManifest.xml:5:5-44
MERGED from [com.google.android.gms:play-services-base:11.8.0] AndroidManifest.xml:20:5-44
MERGED from [com.google.android.gms:play-services-base:11.8.0] AndroidManifest.xml:20:5-44
MERGED from [com.google.android.gms:play-services-tasks:11.8.0] AndroidManifest.xml:5:5-44
MERGED from [com.google.android.gms:play-services-tasks:11.8.0] AndroidManifest.xml:5:5-44
MERGED from [com.google.android.gms:play-services-basement:11.8.0] AndroidManifest.xml:20:5-44
MERGED from [com.google.android.gms:play-services-basement:11.8.0] AndroidManifest.xml:20:5-44
MERGED from [com.android.support:support-v4:27.1.1] AndroidManifest.xml:20:5-44
MERGED from [com.android.support:support-v4:27.1.1] AndroidManifest.xml:20:5-44
MERGED from [com.android.support:cardview-v7:27.1.0] AndroidManifest.xml:20:5-44
MERGED from [com.android.support:cardview-v7:27.1.0] AndroidManifest.xml:20:5-44
MERGED from [com.android.support:recyclerview-v7:27.1.0] AndroidManifest.xml:20:5-44
MERGED from [com.android.support:recyclerview-v7:27.1.0] AndroidManifest.xml:20:5-44
MERGED from [com.android.volley:volley:1.1.0] AndroidManifest.xml:7:5-43
MERGED from [com.android.volley:volley:1.1.0] AndroidManifest.xml:7:5-43
MERGED from [android.arch.lifecycle:extensions:1.1.1] AndroidManifest.xml:20:5-44
MERGED from [android.arch.lifecycle:extensions:1.1.1] AndroidManifest.xml:20:5-44
MERGED from [com.android.support:animated-vector-drawable:27.1.1] AndroidManifest.xml:20:5-44
MERGED from [com.android.support:animated-vector-drawable:27.1.1] AndroidManifest.xml:20:5-44
MERGED from [com.android.support:support-vector-drawable:27.1.1] AndroidManifest.xml:20:5-44
MERGED from [com.android.support:support-vector-drawable:27.1.1] AndroidManifest.xml:20:5-44
MERGED from [com.makeramen:roundedimageview:2.3.0] AndroidManifest.xml:7:5-43
MERGED from [com.makeramen:roundedimageview:2.3.0] AndroidManifest.xml:7:5-43
MERGED from [android.arch.lifecycle:livedata:1.1.1] AndroidManifest.xml:20:5-44
MERGED from [android.arch.lifecycle:livedata:1.1.1] AndroidManifest.xml:20:5-44
MERGED from [com.android.support:support-fragment:27.1.1] AndroidManifest.xml:20:5-44
MERGED from [com.android.support:support-fragment:27.1.1] AndroidManifest.xml:20:5-44
MERGED from [android.arch.lifecycle:livedata-core:1.1.1] AndroidManifest.xml:20:5-44
MERGED from [android.arch.lifecycle:livedata-core:1.1.1] AndroidManifest.xml:20:5-44
MERGED from [android.arch.core:runtime:1.1.1] AndroidManifest.xml:20:5-44
MERGED from [android.arch.core:runtime:1.1.1] AndroidManifest.xml:20:5-44
MERGED from [com.android.support:customtabs:27.0.2] AndroidManifest.xml:20:5-44
MERGED from [com.android.support:customtabs:27.0.2] AndroidManifest.xml:20:5-44
MERGED from [com.android.support:support-media-compat:27.1.1] AndroidManifest.xml:20:5-44
MERGED from [com.android.support:support-media-compat:27.1.1] AndroidManifest.xml:20:5-44
MERGED from [com.android.support:support-core-ui:27.1.1] AndroidManifest.xml:20:5-44
MERGED from [com.android.support:support-core-ui:27.1.1] AndroidManifest.xml:20:5-44
MERGED from [com.android.support:transition:27.1.0] AndroidManifest.xml:20:5-44
MERGED from [com.android.support:transition:27.1.0] AndroidManifest.xml:20:5-44
MERGED from [com.facebook.android:facebook-places:4.36.0] AndroidManifest.xml:24:5-26:41
MERGED from [com.facebook.android:facebook-places:4.36.0] AndroidManifest.xml:24:5-26:41
MERGED from [com.facebook.android:facebook-applinks:4.36.0] AndroidManifest.xml:24:5-26:41
MERGED from [com.facebook.android:facebook-applinks:4.36.0] AndroidManifest.xml:24:5-26:41
MERGED from [com.facebook.android:facebook-messenger:4.36.0] AndroidManifest.xml:24:5-26:41
MERGED from [com.facebook.android:facebook-messenger:4.36.0] AndroidManifest.xml:24:5-26:41
MERGED from [com.facebook.android:facebook-marketing:4.36.0] AndroidManifest.xml:24:5-26:41
MERGED from [com.facebook.android:facebook-marketing:4.36.0] AndroidManifest.xml:24:5-26:41
MERGED from [com.facebook.android:facebook-core:4.36.0] AndroidManifest.xml:24:5-26:41
MERGED from [com.facebook.android:facebook-core:4.36.0] AndroidManifest.xml:24:5-26:41
MERGED from [com.android.support:support-core-utils:27.1.1] AndroidManifest.xml:20:5-44
MERGED from [com.android.support:support-core-utils:27.1.1] AndroidManifest.xml:20:5-44
MERGED from [com.android.support:support-compat:27.1.1] AndroidManifest.xml:20:5-44
MERGED from [com.android.support:support-compat:27.1.1] AndroidManifest.xml:20:5-44
MERGED from [android.arch.lifecycle:runtime:1.1.1] AndroidManifest.xml:20:5-44
MERGED from [android.arch.lifecycle:runtime:1.1.1] AndroidManifest.xml:20:5-44
MERGED from [android.arch.lifecycle:viewmodel:1.1.1] AndroidManifest.xml:20:5-44
MERGED from [android.arch.lifecycle:viewmodel:1.1.1] AndroidManifest.xml:20:5-44
MERGED from [com.google.android.gms:play-services-auth-api-phone-license:11.8.0] AndroidManifest.xml:4:5-43
MERGED from [com.google.android.gms:play-services-auth-api-phone-license:11.8.0] AndroidManifest.xml:4:5-43
MERGED from [com.google.android.gms:play-services-base-license:11.8.0] AndroidManifest.xml:4:5-43
MERGED from [com.google.android.gms:play-services-base-license:11.8.0] AndroidManifest.xml:4:5-43
MERGED from [com.google.android.gms:play-services-basement-license:11.8.0] AndroidManifest.xml:4:5-43
MERGED from [com.google.android.gms:play-services-basement-license:11.8.0] AndroidManifest.xml:4:5-43
MERGED from [com.google.android.gms:play-services-tasks-license:11.8.0] AndroidManifest.xml:4:5-43
MERGED from [com.google.android.gms:play-services-tasks-license:11.8.0] AndroidManifest.xml:4:5-43
MERGED from [com.google.android.gms:play-services-auth-base-license:11.8.0] AndroidManifest.xml:4:5-43
MERGED from [com.google.android.gms:play-services-auth-base-license:11.8.0] AndroidManifest.xml:4:5-43
INJECTED from src/main/AndroidManifest.xml:20:5-22:41
INJECTED from src/main/AndroidManifest.xml:20:5-22:41
	android:targetSdkVersion
		ADDED from src/main/AndroidManifest.xml:22:9-38
		INJECTED from src/main/AndroidManifest.xml
		INJECTED from src/main/AndroidManifest.xml
	android:minSdkVersion
		ADDED from src/main/AndroidManifest.xml:21:9-35
		INJECTED from src/main/AndroidManifest.xml
		INJECTED from src/main/AndroidManifest.xml
uses-feature#android.hardware.camera
ADDED from src/main/AndroidManifest.xml:24:5-26:35
	android:required
		ADDED from src/main/AndroidManifest.xml:26:9-32
	android:name
		ADDED from src/main/AndroidManifest.xml:25:9-47
application
ADDED from src/main/AndroidManifest.xml:28:5-174:19
MERGED from [com.facebook.android:account-kit-sdk:4.36.0] AndroidManifest.xml:28:5-53:19
MERGED from [com.facebook.android:account-kit-sdk:4.36.0] AndroidManifest.xml:28:5-53:19
MERGED from [com.facebook.android:facebook-android-sdk:4.36.0] AndroidManifest.xml:28:5-29:19
MERGED from [com.facebook.android:facebook-android-sdk:4.36.0] AndroidManifest.xml:28:5-29:19
MERGED from [com.facebook.android:facebook-login:4.36.0] AndroidManifest.xml:28:5-29:19
MERGED from [com.facebook.android:facebook-login:4.36.0] AndroidManifest.xml:28:5-29:19
MERGED from [com.facebook.android:facebook-share:4.36.0] AndroidManifest.xml:28:5-29:19
MERGED from [com.facebook.android:facebook-share:4.36.0] AndroidManifest.xml:28:5-29:19
MERGED from [com.facebook.android:facebook-common:4.36.0] AndroidManifest.xml:28:5-35:19
MERGED from [com.facebook.android:facebook-common:4.36.0] AndroidManifest.xml:28:5-35:19
MERGED from [com.android.support.constraint:constraint-layout:1.0.2] AndroidManifest.xml:9:5-20
MERGED from [com.android.support.constraint:constraint-layout:1.0.2] AndroidManifest.xml:9:5-20
MERGED from [com.google.android.gms:play-services-auth:11.8.0] AndroidManifest.xml:22:5-37:19
MERGED from [com.google.android.gms:play-services-auth:11.8.0] AndroidManifest.xml:22:5-37:19
MERGED from [com.google.android.gms:play-services-base:11.8.0] AndroidManifest.xml:22:5-27:19
MERGED from [com.google.android.gms:play-services-base:11.8.0] AndroidManifest.xml:22:5-27:19
MERGED from [com.google.android.gms:play-services-tasks:11.8.0] AndroidManifest.xml:7:5-20
MERGED from [com.google.android.gms:play-services-tasks:11.8.0] AndroidManifest.xml:7:5-20
MERGED from [com.google.android.gms:play-services-basement:11.8.0] AndroidManifest.xml:22:5-26:19
MERGED from [com.google.android.gms:play-services-basement:11.8.0] AndroidManifest.xml:22:5-26:19
MERGED from [com.android.volley:volley:1.1.0] AndroidManifest.xml:9:5-20
MERGED from [com.android.volley:volley:1.1.0] AndroidManifest.xml:9:5-20
MERGED from [android.arch.lifecycle:extensions:1.1.1] AndroidManifest.xml:22:5-28:19
MERGED from [android.arch.lifecycle:extensions:1.1.1] AndroidManifest.xml:22:5-28:19
MERGED from [com.facebook.android:facebook-places:4.36.0] AndroidManifest.xml:28:5-29:19
MERGED from [com.facebook.android:facebook-places:4.36.0] AndroidManifest.xml:28:5-29:19
MERGED from [com.facebook.android:facebook-applinks:4.36.0] AndroidManifest.xml:28:5-29:19
MERGED from [com.facebook.android:facebook-applinks:4.36.0] AndroidManifest.xml:28:5-29:19
MERGED from [com.facebook.android:facebook-messenger:4.36.0] AndroidManifest.xml:28:5-29:19
MERGED from [com.facebook.android:facebook-messenger:4.36.0] AndroidManifest.xml:28:5-29:19
MERGED from [com.facebook.android:facebook-marketing:4.36.0] AndroidManifest.xml:28:5-33:19
MERGED from [com.facebook.android:facebook-marketing:4.36.0] AndroidManifest.xml:28:5-33:19
MERGED from [com.facebook.android:facebook-core:4.36.0] AndroidManifest.xml:28:5-51:19
MERGED from [com.facebook.android:facebook-core:4.36.0] AndroidManifest.xml:28:5-51:19
MERGED from [com.google.android.gms:play-services-auth-api-phone-license:11.8.0] AndroidManifest.xml:5:5-20
MERGED from [com.google.android.gms:play-services-auth-api-phone-license:11.8.0] AndroidManifest.xml:5:5-20
MERGED from [com.google.android.gms:play-services-base-license:11.8.0] AndroidManifest.xml:5:5-20
MERGED from [com.google.android.gms:play-services-base-license:11.8.0] AndroidManifest.xml:5:5-20
MERGED from [com.google.android.gms:play-services-basement-license:11.8.0] AndroidManifest.xml:5:5-20
MERGED from [com.google.android.gms:play-services-basement-license:11.8.0] AndroidManifest.xml:5:5-20
MERGED from [com.google.android.gms:play-services-tasks-license:11.8.0] AndroidManifest.xml:5:5-20
MERGED from [com.google.android.gms:play-services-tasks-license:11.8.0] AndroidManifest.xml:5:5-20
MERGED from [com.google.android.gms:play-services-auth-base-license:11.8.0] AndroidManifest.xml:5:5-20
MERGED from [com.google.android.gms:play-services-auth-base-license:11.8.0] AndroidManifest.xml:5:5-20
	android:supportsRtl
		ADDED from src/main/AndroidManifest.xml:33:9-35
	android:label
		ADDED from src/main/AndroidManifest.xml:31:9-41
	android:roundIcon
		ADDED from src/main/AndroidManifest.xml:32:9-54
	android:icon
		ADDED from src/main/AndroidManifest.xml:30:9-43
	android:allowBackup
		ADDED from src/main/AndroidManifest.xml:29:9-36
	android:theme
		ADDED from src/main/AndroidManifest.xml:35:9-40
meta-data#com.facebook.accountkit.ApplicationName
ADDED from src/main/AndroidManifest.xml:39:9-41:48
	android:value
		ADDED from src/main/AndroidManifest.xml:41:13-45
	android:name
		ADDED from src/main/AndroidManifest.xml:40:13-67
meta-data#com.facebook.sdk.ApplicationId
ADDED from src/main/AndroidManifest.xml:42:9-44:55
	android:value
		ADDED from src/main/AndroidManifest.xml:44:13-52
	android:name
		ADDED from src/main/AndroidManifest.xml:43:13-58
meta-data#com.facebook.accountkit.ClientToken
ADDED from src/main/AndroidManifest.xml:45:9-47:64
	android:value
		ADDED from src/main/AndroidManifest.xml:47:13-61
	android:name
		ADDED from src/main/AndroidManifest.xml:46:13-63
activity#com.facebook.accountkit.ui.AccountKitActivity
ADDED from src/main/AndroidManifest.xml:49:9-53:51
MERGED from [com.facebook.android:account-kit-sdk:4.36.0] AndroidManifest.xml:29:9-34:58
MERGED from [com.facebook.android:account-kit-sdk:4.36.0] AndroidManifest.xml:29:9-34:58
	android:screenOrientation
		ADDED from src/main/AndroidManifest.xml:53:13-49
	android:label
		ADDED from [com.facebook.android:account-kit-sdk:4.36.0] AndroidManifest.xml:31:13-65
	android:launchMode
		ADDED from [com.facebook.android:account-kit-sdk:4.36.0] AndroidManifest.xml:32:13-43
	android:windowSoftInputMode
		ADDED from [com.facebook.android:account-kit-sdk:4.36.0] AndroidManifest.xml:34:13-55
	android:theme
		ADDED from src/main/AndroidManifest.xml:51:13-49
		REJECTED from [com.facebook.android:account-kit-sdk:4.36.0] AndroidManifest.xml:33:13-52
	tools:replace
		ADDED from src/main/AndroidManifest.xml:52:13-42
	android:name
		ADDED from src/main/AndroidManifest.xml:50:13-73
activity#com.facebook.accountkit.ui.AccountKitEmailRedirectActivity
ADDED from src/main/AndroidManifest.xml:55:9-63:20
MERGED from [com.facebook.android:account-kit-sdk:4.36.0] AndroidManifest.xml:35:9-38:40
MERGED from [com.facebook.android:account-kit-sdk:4.36.0] AndroidManifest.xml:35:9-38:40
	android:screenOrientation
		ADDED from src/main/AndroidManifest.xml:56:13-49
	android:noHistory
		ADDED from [com.facebook.android:account-kit-sdk:4.36.0] AndroidManifest.xml:38:13-37
	android:exported
		ADDED from [com.facebook.android:account-kit-sdk:4.36.0] AndroidManifest.xml:37:13-36
	android:name
		ADDED from src/main/AndroidManifest.xml:55:19-92
intent-filter#action:name:android.intent.action.VIEW+category:name:android.intent.category.BROWSABLE+category:name:android.intent.category.DEFAULT+data:scheme:@string/ak_login_protocol_scheme
ADDED from src/main/AndroidManifest.xml:57:13-62:29
action#android.intent.action.VIEW
ADDED from src/main/AndroidManifest.xml:58:17-69
	android:name
		ADDED from src/main/AndroidManifest.xml:58:25-66
category#android.intent.category.DEFAULT
ADDED from src/main/AndroidManifest.xml:59:17-76
	android:name
		ADDED from src/main/AndroidManifest.xml:59:27-73
category#android.intent.category.BROWSABLE
ADDED from src/main/AndroidManifest.xml:60:17-78
	android:name
		ADDED from src/main/AndroidManifest.xml:60:27-75
data
ADDED from src/main/AndroidManifest.xml:61:17-75
	android:scheme
		ADDED from src/main/AndroidManifest.xml:61:23-72
activity#com.facebook.FacebookActivity
ADDED from src/main/AndroidManifest.xml:65:9-68:48
MERGED from [com.facebook.android:facebook-common:4.36.0] AndroidManifest.xml:29:9-32:66
MERGED from [com.facebook.android:facebook-common:4.36.0] AndroidManifest.xml:29:9-32:66
	android:label
		ADDED from src/main/AndroidManifest.xml:68:13-45
	android:configChanges
		ADDED from src/main/AndroidManifest.xml:66:13-113
	android:theme
		ADDED from [com.facebook.android:facebook-common:4.36.0] AndroidManifest.xml:32:13-63
	android:name
		ADDED from src/main/AndroidManifest.xml:65:19-63
activity#com.facebook.CustomTabActivity
ADDED from src/main/AndroidManifest.xml:70:9-79:20
MERGED from [com.facebook.android:facebook-common:4.36.0] AndroidManifest.xml:34:9-67
MERGED from [com.facebook.android:facebook-common:4.36.0] AndroidManifest.xml:34:9-67
	android:exported
		ADDED from src/main/AndroidManifest.xml:72:13-36
	android:name
		ADDED from src/main/AndroidManifest.xml:71:13-58
intent-filter#action:name:android.intent.action.VIEW+category:name:android.intent.category.BROWSABLE+category:name:android.intent.category.DEFAULT+data:scheme:@string/fb_login_protocol_scheme
ADDED from src/main/AndroidManifest.xml:73:13-78:29
activity#com.algonquintimes.algonquintimes.Login.LoginActivity
ADDED from src/main/AndroidManifest.xml:82:9-90:20
	android:screenOrientation
		ADDED from src/main/AndroidManifest.xml:83:13-49
	android:theme
		ADDED from src/main/AndroidManifest.xml:84:13-51
	android:name
		ADDED from src/main/AndroidManifest.xml:82:19-54
activity#com.algonquintimes.algonquintimes.Login.AccountActivity
ADDED from src/main/AndroidManifest.xml:92:9-94:52
	android:screenOrientation
		ADDED from src/main/AndroidManifest.xml:94:13-49
	android:label
		ADDED from src/main/AndroidManifest.xml:93:13-44
	android:name
		ADDED from src/main/AndroidManifest.xml:92:19-56
activity#com.algonquintimes.algonquintimes.Articles.ArticlesActivity
ADDED from src/main/AndroidManifest.xml:95:9-106:20
	android:screenOrientation
		ADDED from src/main/AndroidManifest.xml:98:13-49
	android:launchMode
		ADDED from src/main/AndroidManifest.xml:97:13-48
	android:name
		ADDED from src/main/AndroidManifest.xml:96:13-54
intent-filter#action:name:android.intent.action.MAIN+category:name:android.intent.category.LAUNCHER
ADDED from src/main/AndroidManifest.xml:99:13-104:29
action#android.intent.action.MAIN
ADDED from src/main/AndroidManifest.xml:100:18-70
	android:name
		ADDED from src/main/AndroidManifest.xml:100:26-67
category#android.intent.category.LAUNCHER
ADDED from src/main/AndroidManifest.xml:102:17-77
	android:name
		ADDED from src/main/AndroidManifest.xml:102:27-74
activity#com.algonquintimes.algonquintimes.Email.SendTipActivity
ADDED from src/main/AndroidManifest.xml:107:9-110:51
	android:screenOrientation
		ADDED from src/main/AndroidManifest.xml:110:13-49
	android:launchMode
		ADDED from src/main/AndroidManifest.xml:109:13-48
	android:name
		ADDED from src/main/AndroidManifest.xml:108:13-50
activity#com.algonquintimes.algonquintimes.Email.StoryIdeaActivity
ADDED from src/main/AndroidManifest.xml:111:9-114:51
	android:screenOrientation
		ADDED from src/main/AndroidManifest.xml:114:13-49
	android:launchMode
		ADDED from src/main/AndroidManifest.xml:113:13-48
	android:name
		ADDED from src/main/AndroidManifest.xml:112:13-52
activity#com.algonquintimes.algonquintimes.Calendar.CalendarActivity
ADDED from src/main/AndroidManifest.xml:115:9-118:51
	android:screenOrientation
		ADDED from src/main/AndroidManifest.xml:118:13-49
	android:launchMode
		ADDED from src/main/AndroidManifest.xml:117:13-48
	android:name
		ADDED from src/main/AndroidManifest.xml:116:13-54
activity#com.algonquintimes.algonquintimes.Social.SocialActivity
ADDED from src/main/AndroidManifest.xml:119:9-124:51
	android:screenOrientation
		ADDED from src/main/AndroidManifest.xml:124:13-49
	android:launchMode
		ADDED from src/main/AndroidManifest.xml:123:13-48
	android:hardwareAccelerated
		ADDED from src/main/AndroidManifest.xml:122:13-47
	android:name
		ADDED from src/main/AndroidManifest.xml:120:13-50
activity#com.algonquintimes.algonquintimes.Articles.PostFullScreen
ADDED from src/main/AndroidManifest.xml:126:9-129:51
	android:screenOrientation
		ADDED from src/main/AndroidManifest.xml:129:13-49
	android:launchMode
		ADDED from src/main/AndroidManifest.xml:128:13-48
	android:name
		ADDED from src/main/AndroidManifest.xml:127:13-52
activity#com.algonquintimes.algonquintimes.Calendar.EventFullScreen
ADDED from src/main/AndroidManifest.xml:130:9-133:51
	android:screenOrientation
		ADDED from src/main/AndroidManifest.xml:133:13-49
	android:launchMode
		ADDED from src/main/AndroidManifest.xml:132:13-48
	android:name
		ADDED from src/main/AndroidManifest.xml:131:13-53
activity#com.algonquintimes.algonquintimes.Articles.SearchableActivity
ADDED from src/main/AndroidManifest.xml:134:9-144:20
	android:screenOrientation
		ADDED from src/main/AndroidManifest.xml:137:13-49
	android:launchMode
		ADDED from src/main/AndroidManifest.xml:136:13-43
	android:name
		ADDED from src/main/AndroidManifest.xml:135:13-56
intent-filter#action:name:android.intent.action.SEARCH
ADDED from src/main/AndroidManifest.xml:138:13-140:29
action#android.intent.action.SEARCH
ADDED from src/main/AndroidManifest.xml:139:17-71
	android:name
		ADDED from src/main/AndroidManifest.xml:139:25-68
meta-data#android.app.searchable
ADDED from src/main/AndroidManifest.xml:141:13-143:54
	android:resource
		ADDED from src/main/AndroidManifest.xml:143:17-51
	android:name
		ADDED from src/main/AndroidManifest.xml:142:17-54
activity#com.algonquintimes.algonquintimes.Settings.SettingsActivity
ADDED from src/main/AndroidManifest.xml:146:9-149:51
	android:screenOrientation
		ADDED from src/main/AndroidManifest.xml:149:13-49
	android:launchMode
		ADDED from src/main/AndroidManifest.xml:148:13-48
	android:name
		ADDED from src/main/AndroidManifest.xml:147:13-54
activity#com.algonquintimes.algonquintimes.Settings.AboutActivity
ADDED from src/main/AndroidManifest.xml:150:9-153:51
	android:screenOrientation
		ADDED from src/main/AndroidManifest.xml:153:13-49
	android:launchMode
		ADDED from src/main/AndroidManifest.xml:152:13-48
	android:name
		ADDED from src/main/AndroidManifest.xml:151:13-51
activity#com.algonquintimes.algonquintimes.Settings.ContactActivity
ADDED from src/main/AndroidManifest.xml:154:9-157:51
	android:screenOrientation
		ADDED from src/main/AndroidManifest.xml:157:13-49
	android:launchMode
		ADDED from src/main/AndroidManifest.xml:156:13-48
	android:name
		ADDED from src/main/AndroidManifest.xml:155:13-53
activity#com.algonquintimes.algonquintimes.Settings.TermsActivity
ADDED from src/main/AndroidManifest.xml:158:9-161:51
	android:screenOrientation
		ADDED from src/main/AndroidManifest.xml:161:13-49
	android:launchMode
		ADDED from src/main/AndroidManifest.xml:160:13-48
	android:name
		ADDED from src/main/AndroidManifest.xml:159:13-51
provider#android.support.v4.content.FileProvider
ADDED from src/main/AndroidManifest.xml:164:9-172:20
	android:grantUriPermissions
		ADDED from src/main/AndroidManifest.xml:168:13-47
	android:authorities
		ADDED from src/main/AndroidManifest.xml:166:13-90
	android:exported
		ADDED from src/main/AndroidManifest.xml:167:13-37
	android:name
		ADDED from src/main/AndroidManifest.xml:165:13-67
meta-data#android.support.FILE_PROVIDER_PATHS